app/build/intermediates/manifest_merge_blame_file/debug/processDebugMainManifest/manifest-merger-blame-debug-report.txt
1<?xml version="1.0" encoding="utf-8"?>
2<manifest xmlns:android="http://schemas.android.com/apk/res/android"
3    package="com.example.parcial"
4    android:versionCode="1"
5    android:versionName="1.0" >
6
7    <uses-sdk
8        android:minSdkVersion="24"
9        android:targetSdkVersion="35" />
10
11    <uses-permission android:name="android.permission.INTERNET" />
11-->src\main\AndroidManifest.xml:5:5-67
11-->src\main\AndroidManifest.xml:5:22-64
12    <uses-permission android:name="android.permission.ACCESS_NETWORK_STATE" />
12-->[com.google.android.libraries.ads.mobile.sdk:ads-mobile-sdk:0.15.1-alpha01] AndroidManifest.xml:10:5-79
12-->[com.google.android.libraries.ads.mobile.sdk:ads-mobile-sdk:0.15.1-alpha01] AndroidManifest.xml:10:22-76
13    <uses-permission android:name="android.permission.READ_BASIC_PHONE_STATE" />
13-->[com.google.android.libraries.ads.mobile.sdk:ads-mobile-sdk:0.15.1-alpha01] AndroidManifest.xml:11:5-81
13-->[com.google.android.libraries.ads.mobile.sdk:ads-mobile-sdk:0.15.1-alpha01] AndroidManifest.xml:11:22-78
14    <uses-permission android:name="android.permission.ACCESS_ADSERVICES_TOPICS" />
14-->[com.google.android.libraries.ads.mobile.sdk:ads-mobile-sdk:0.15.1-alpha01] AndroidManifest.xml:12:5-83
14-->[com.google.android.libraries.ads.mobile.sdk:ads-mobile-sdk:0.15.1-alpha01] AndroidManifest.xml:12:22-80
15    <uses-permission android:name="android.permission.ACCESS_ADSERVICES_AD_ID" />
15-->[com.google.android.libraries.ads.mobile.sdk:ads-mobile-sdk:0.15.1-alpha01] AndroidManifest.xml:13:5-82
15-->[com.google.android.libraries.ads.mobile.sdk:ads-mobile-sdk:0.15.1-alpha01] AndroidManifest.xml:13:22-79
16    <uses-permission android:name="android.permission.ACCESS_ADSERVICES_ATTRIBUTION" />
16-->[com.google.android.libraries.ads.mobile.sdk:ads-mobile-sdk:0.15.1-alpha01] AndroidManifest.xml:14:5-88
16-->[com.google.android.libraries.ads.mobile.sdk:ads-mobile-sdk:0.15.1-alpha01] AndroidManifest.xml:14:22-85
17    <uses-permission android:name="com.google.android.gms.permission.AD_ID" /> <!-- Android package visibility setting -->
17-->[com.google.android.libraries.ads.mobile.sdk:ads-mobile-sdk:0.15.1-alpha01] AndroidManifest.xml:15:5-79
17-->[com.google.android.libraries.ads.mobile.sdk:ads-mobile-sdk:0.15.1-alpha01] AndroidManifest.xml:15:22-76
18    <queries>
18-->[com.google.android.libraries.ads.mobile.sdk:ads-mobile-sdk:0.15.1-alpha01] AndroidManifest.xml:18:5-51:15
19
20        <!-- For browser content -->
21        <intent>
21-->[com.google.android.libraries.ads.mobile.sdk:ads-mobile-sdk:0.15.1-alpha01] AndroidManifest.xml:21:9-27:18
22            <action android:name="android.intent.action.VIEW" />
22-->[com.google.android.libraries.ads.mobile.sdk:ads-mobile-sdk:0.15.1-alpha01] AndroidManifest.xml:22:13-65
22-->[com.google.android.libraries.ads.mobile.sdk:ads-mobile-sdk:0.15.1-alpha01] AndroidManifest.xml:22:21-62
23
24            <category android:name="android.intent.category.BROWSABLE" />
24-->[com.google.android.libraries.ads.mobile.sdk:ads-mobile-sdk:0.15.1-alpha01] AndroidManifest.xml:24:13-74
24-->[com.google.android.libraries.ads.mobile.sdk:ads-mobile-sdk:0.15.1-alpha01] AndroidManifest.xml:24:23-71
25
26            <data android:scheme="https" />
26-->[com.google.android.libraries.ads.mobile.sdk:ads-mobile-sdk:0.15.1-alpha01] AndroidManifest.xml:26:13-44
26-->[com.google.android.libraries.ads.mobile.sdk:ads-mobile-sdk:0.15.1-alpha01] AndroidManifest.xml:26:19-41
27        </intent>
28        <!-- End of browser content -->
29        <!-- For CustomTabsService -->
30        <intent>
30-->[com.google.android.libraries.ads.mobile.sdk:ads-mobile-sdk:0.15.1-alpha01] AndroidManifest.xml:30:9-32:18
31            <action android:name="android.support.customtabs.action.CustomTabsService" />
31-->[com.google.android.libraries.ads.mobile.sdk:ads-mobile-sdk:0.15.1-alpha01] AndroidManifest.xml:31:13-90
31-->[com.google.android.libraries.ads.mobile.sdk:ads-mobile-sdk:0.15.1-alpha01] AndroidManifest.xml:31:21-87
32        </intent>
33        <!-- End of CustomTabsService -->
34        <!-- For MRAID capabilities -->
35        <intent>
35-->[com.google.android.libraries.ads.mobile.sdk:ads-mobile-sdk:0.15.1-alpha01] AndroidManifest.xml:35:9-39:18
36            <action android:name="android.intent.action.INSERT" />
36-->[com.google.android.libraries.ads.mobile.sdk:ads-mobile-sdk:0.15.1-alpha01] AndroidManifest.xml:36:13-67
36-->[com.google.android.libraries.ads.mobile.sdk:ads-mobile-sdk:0.15.1-alpha01] AndroidManifest.xml:36:21-64
37
38            <data android:mimeType="vnd.android.cursor.dir/event" />
38-->[com.google.android.libraries.ads.mobile.sdk:ads-mobile-sdk:0.15.1-alpha01] AndroidManifest.xml:26:13-44
39        </intent>
40        <intent>
40-->[com.google.android.libraries.ads.mobile.sdk:ads-mobile-sdk:0.15.1-alpha01] AndroidManifest.xml:40:9-44:18
41            <action android:name="android.intent.action.VIEW" />
41-->[com.google.android.libraries.ads.mobile.sdk:ads-mobile-sdk:0.15.1-alpha01] AndroidManifest.xml:22:13-65
41-->[com.google.android.libraries.ads.mobile.sdk:ads-mobile-sdk:0.15.1-alpha01] AndroidManifest.xml:22:21-62
42
43            <data android:scheme="sms" />
43-->[com.google.android.libraries.ads.mobile.sdk:ads-mobile-sdk:0.15.1-alpha01] AndroidManifest.xml:26:13-44
43-->[com.google.android.libraries.ads.mobile.sdk:ads-mobile-sdk:0.15.1-alpha01] AndroidManifest.xml:26:19-41
44        </intent>
45        <intent>
45-->[com.google.android.libraries.ads.mobile.sdk:ads-mobile-sdk:0.15.1-alpha01] AndroidManifest.xml:45:9-49:18
46            <action android:name="android.intent.action.DIAL" />
46-->[com.google.android.libraries.ads.mobile.sdk:ads-mobile-sdk:0.15.1-alpha01] AndroidManifest.xml:46:13-65
46-->[com.google.android.libraries.ads.mobile.sdk:ads-mobile-sdk:0.15.1-alpha01] AndroidManifest.xml:46:21-62
47
48            <data android:path="tel:" />
48-->[com.google.android.libraries.ads.mobile.sdk:ads-mobile-sdk:0.15.1-alpha01] AndroidManifest.xml:26:13-44
49        </intent>
50        <!-- End of MRAID capabilities -->
51    </queries>
52
53    <uses-permission android:name="android.permission.WAKE_LOCK" />
53-->[androidx.work:work-runtime:2.10.0] AndroidManifest.xml:23:5-68
53-->[androidx.work:work-runtime:2.10.0] AndroidManifest.xml:23:22-65
54    <uses-permission android:name="android.permission.RECEIVE_BOOT_COMPLETED" />
54-->[androidx.work:work-runtime:2.10.0] AndroidManifest.xml:25:5-81
54-->[androidx.work:work-runtime:2.10.0] AndroidManifest.xml:25:22-78
55    <uses-permission android:name="android.permission.FOREGROUND_SERVICE" />
55-->[androidx.work:work-runtime:2.10.0] AndroidManifest.xml:26:5-77
55-->[androidx.work:work-runtime:2.10.0] AndroidManifest.xml:26:22-74
56
57    <permission
57-->[androidx.core:core:1.16.0] AndroidManifest.xml:22:5-24:47
58        android:name="com.example.parcial.DYNAMIC_RECEIVER_NOT_EXPORTED_PERMISSION"
58-->[androidx.core:core:1.16.0] AndroidManifest.xml:23:9-81
59        android:protectionLevel="signature" />
59-->[androidx.core:core:1.16.0] AndroidManifest.xml:24:9-44
60
61    <uses-permission android:name="com.example.parcial.DYNAMIC_RECEIVER_NOT_EXPORTED_PERMISSION" />
61-->[androidx.core:core:1.16.0] AndroidManifest.xml:26:5-97
61-->[androidx.core:core:1.16.0] AndroidManifest.xml:26:22-94
62
63    <application
63-->src\main\AndroidManifest.xml:7:5-30:19
64        android:allowBackup="true"
64-->src\main\AndroidManifest.xml:8:9-35
65        android:appComponentFactory="androidx.core.app.CoreComponentFactory"
65-->[androidx.core:core:1.16.0] AndroidManifest.xml:28:18-86
66        android:dataExtractionRules="@xml/data_extraction_rules"
66-->src\main\AndroidManifest.xml:9:9-65
67        android:debuggable="true"
68        android:extractNativeLibs="false"
69        android:fullBackupContent="@xml/backup_rules"
69-->src\main\AndroidManifest.xml:10:9-54
70        android:icon="@mipmap/ic_launcher"
70-->src\main\AndroidManifest.xml:11:9-43
71        android:label="@string/app_name"
71-->src\main\AndroidManifest.xml:12:9-41
72        android:roundIcon="@mipmap/ic_launcher_round"
72-->src\main\AndroidManifest.xml:13:9-54
73        android:supportsRtl="true"
73-->src\main\AndroidManifest.xml:14:9-35
74        android:theme="@style/Theme.Carnet" >
74-->src\main\AndroidManifest.xml:15:9-44
75        <activity
75-->src\main\AndroidManifest.xml:18:9-29:20
76            android:name="com.example.parcial.MainActivity"
76-->src\main\AndroidManifest.xml:19:13-41
77            android:exported="true"
77-->src\main\AndroidManifest.xml:20:13-36
78            android:label="@string/app_name"
78-->src\main\AndroidManifest.xml:21:13-45
79            android:theme="@style/Theme.Carnet" >
79-->src\main\AndroidManifest.xml:22:13-48
80            <intent-filter>
80-->src\main\AndroidManifest.xml:24:13-27:29
81                <action android:name="android.intent.action.MAIN" />
81-->src\main\AndroidManifest.xml:25:17-69
81-->src\main\AndroidManifest.xml:25:25-66
82
83                <category android:name="android.intent.category.LAUNCHER" />
83-->src\main\AndroidManifest.xml:26:17-77
83-->src\main\AndroidManifest.xml:26:27-74
84            </intent-filter>
85        </activity>
86        <activity
86-->[com.google.android.libraries.ads.mobile.sdk:ads-mobile-sdk:0.15.1-alpha01] AndroidManifest.xml:54:9-59:43
87            android:name="com.google.android.libraries.ads.mobile.sdk.common.AdActivity"
87-->[com.google.android.libraries.ads.mobile.sdk:ads-mobile-sdk:0.15.1-alpha01] AndroidManifest.xml:55:13-89
88            android:configChanges="keyboard|keyboardHidden|orientation|screenLayout|uiMode|screenSize|smallestScreenSize"
88-->[com.google.android.libraries.ads.mobile.sdk:ads-mobile-sdk:0.15.1-alpha01] AndroidManifest.xml:56:13-122
89            android:exported="false"
89-->[com.google.android.libraries.ads.mobile.sdk:ads-mobile-sdk:0.15.1-alpha01] AndroidManifest.xml:57:13-37
90            android:theme="@android:style/Theme.Translucent" /> <!-- Ad services config file used for PPAPIs (Topics and Attribution). -->
90-->[com.google.android.libraries.ads.mobile.sdk:ads-mobile-sdk:0.15.1-alpha01] AndroidManifest.xml:58:13-61
91        <property
91-->[com.google.android.libraries.ads.mobile.sdk:ads-mobile-sdk:0.15.1-alpha01] AndroidManifest.xml:62:9-64:62
92            android:name="android.adservices.AD_SERVICES_CONFIG"
92-->[com.google.android.libraries.ads.mobile.sdk:ads-mobile-sdk:0.15.1-alpha01] AndroidManifest.xml:63:13-65
93            android:resource="@xml/gma_ad_services_config" />
93-->[com.google.android.libraries.ads.mobile.sdk:ads-mobile-sdk:0.15.1-alpha01] AndroidManifest.xml:64:13-59
94
95        <activity
95-->[com.google.android.gms:play-services-base:18.0.1] AndroidManifest.xml:20:9-22:45
96            android:name="com.google.android.gms.common.api.GoogleApiActivity"
96-->[com.google.android.gms:play-services-base:18.0.1] AndroidManifest.xml:20:19-85
97            android:exported="false"
97-->[com.google.android.gms:play-services-base:18.0.1] AndroidManifest.xml:22:19-43
98            android:theme="@android:style/Theme.Translucent.NoTitleBar" />
98-->[com.google.android.gms:play-services-base:18.0.1] AndroidManifest.xml:21:19-78
99
100        <meta-data
100-->[com.google.android.gms:play-services-basement:18.4.0] AndroidManifest.xml:6:9-122
101            android:name="com.google.android.gms.version"
101-->[com.google.android.gms:play-services-basement:18.4.0] AndroidManifest.xml:6:20-65
102            android:value="@integer/google_play_services_version" />
102-->[com.google.android.gms:play-services-basement:18.4.0] AndroidManifest.xml:6:66-119
103
104        <activity
104-->[androidx.compose.ui:ui-tooling-android:1.7.0] AndroidManifest.xml:23:9-25:39
105            android:name="androidx.compose.ui.tooling.PreviewActivity"
105-->[androidx.compose.ui:ui-tooling-android:1.7.0] AndroidManifest.xml:24:13-71
106            android:exported="true" />
106-->[androidx.compose.ui:ui-tooling-android:1.7.0] AndroidManifest.xml:25:13-36
107
108        <provider
108-->[androidx.work:work-runtime:2.10.0] AndroidManifest.xml:29:9-37:20
109            android:name="androidx.startup.InitializationProvider"
109-->[androidx.work:work-runtime:2.10.0] AndroidManifest.xml:30:13-67
110            android:authorities="com.example.parcial.androidx-startup"
110-->[androidx.work:work-runtime:2.10.0] AndroidManifest.xml:31:13-68
111            android:exported="false" >
111-->[androidx.work:work-runtime:2.10.0] AndroidManifest.xml:32:13-37
112            <meta-data
112-->[androidx.work:work-runtime:2.10.0] AndroidManifest.xml:34:13-36:52
113                android:name="androidx.work.WorkManagerInitializer"
113-->[androidx.work:work-runtime:2.10.0] AndroidManifest.xml:35:17-68
114                android:value="androidx.startup" />
114-->[androidx.work:work-runtime:2.10.0] AndroidManifest.xml:36:17-49
115            <meta-data
115-->[androidx.emoji2:emoji2:1.3.0] AndroidManifest.xml:29:13-31:52
116                android:name="androidx.emoji2.text.EmojiCompatInitializer"
116-->[androidx.emoji2:emoji2:1.3.0] AndroidManifest.xml:30:17-75
117                android:value="androidx.startup" />
117-->[androidx.emoji2:emoji2:1.3.0] AndroidManifest.xml:31:17-49
118            <meta-data
118-->[androidx.lifecycle:lifecycle-process:2.8.7] AndroidManifest.xml:29:13-31:52
119                android:name="androidx.lifecycle.ProcessLifecycleInitializer"
119-->[androidx.lifecycle:lifecycle-process:2.8.7] AndroidManifest.xml:30:17-78
120                android:value="androidx.startup" />
120-->[androidx.lifecycle:lifecycle-process:2.8.7] AndroidManifest.xml:31:17-49
121            <meta-data
121-->[androidx.profileinstaller:profileinstaller:1.4.0] AndroidManifest.xml:29:13-31:52
122                android:name="androidx.profileinstaller.ProfileInstallerInitializer"
122-->[androidx.profileinstaller:profileinstaller:1.4.0] AndroidManifest.xml:30:17-85
123                android:value="androidx.startup" />
123-->[androidx.profileinstaller:profileinstaller:1.4.0] AndroidManifest.xml:31:17-49
124        </provider>
125
126        <service
126-->[androidx.work:work-runtime:2.10.0] AndroidManifest.xml:39:9-45:35
127            android:name="androidx.work.impl.background.systemalarm.SystemAlarmService"
127-->[androidx.work:work-runtime:2.10.0] AndroidManifest.xml:40:13-88
128            android:directBootAware="false"
128-->[androidx.work:work-runtime:2.10.0] AndroidManifest.xml:41:13-44
129            android:enabled="@bool/enable_system_alarm_service_default"
129-->[androidx.work:work-runtime:2.10.0] AndroidManifest.xml:42:13-72
130            android:exported="false" />
130-->[androidx.work:work-runtime:2.10.0] AndroidManifest.xml:43:13-37
131        <service
131-->[androidx.work:work-runtime:2.10.0] AndroidManifest.xml:46:9-52:35
132            android:name="androidx.work.impl.background.systemjob.SystemJobService"
132-->[androidx.work:work-runtime:2.10.0] AndroidManifest.xml:47:13-84
133            android:directBootAware="false"
133-->[androidx.work:work-runtime:2.10.0] AndroidManifest.xml:48:13-44
134            android:enabled="@bool/enable_system_job_service_default"
134-->[androidx.work:work-runtime:2.10.0] AndroidManifest.xml:49:13-70
135            android:exported="true"
135-->[androidx.work:work-runtime:2.10.0] AndroidManifest.xml:50:13-36
136            android:permission="android.permission.BIND_JOB_SERVICE" />
136-->[androidx.work:work-runtime:2.10.0] AndroidManifest.xml:51:13-69
137        <service
137-->[androidx.work:work-runtime:2.10.0] AndroidManifest.xml:53:9-59:35
138            android:name="androidx.work.impl.foreground.SystemForegroundService"
138-->[androidx.work:work-runtime:2.10.0] AndroidManifest.xml:54:13-81
139            android:directBootAware="false"
139-->[androidx.work:work-runtime:2.10.0] AndroidManifest.xml:55:13-44
140            android:enabled="@bool/enable_system_foreground_service_default"
140-->[androidx.work:work-runtime:2.10.0] AndroidManifest.xml:56:13-77
141            android:exported="false" />
141-->[androidx.work:work-runtime:2.10.0] AndroidManifest.xml:57:13-37
142
143        <receiver
143-->[androidx.work:work-runtime:2.10.0] AndroidManifest.xml:61:9-66:35
144            android:name="androidx.work.impl.utils.ForceStopRunnable$BroadcastReceiver"
144-->[androidx.work:work-runtime:2.10.0] AndroidManifest.xml:62:13-88
145            android:directBootAware="false"
145-->[androidx.work:work-runtime:2.10.0] AndroidManifest.xml:63:13-44
146            android:enabled="true"
146-->[androidx.work:work-runtime:2.10.0] AndroidManifest.xml:64:13-35
147            android:exported="false" />
147-->[androidx.work:work-runtime:2.10.0] AndroidManifest.xml:65:13-37
148        <receiver
148-->[androidx.work:work-runtime:2.10.0] AndroidManifest.xml:67:9-77:20
149            android:name="androidx.work.impl.background.systemalarm.ConstraintProxy$BatteryChargingProxy"
149-->[androidx.work:work-runtime:2.10.0] AndroidManifest.xml:68:13-106
150            android:directBootAware="false"
150-->[androidx.work:work-runtime:2.10.0] AndroidManifest.xml:69:13-44
151            android:enabled="false"
151-->[androidx.work:work-runtime:2.10.0] AndroidManifest.xml:70:13-36
152            android:exported="false" >
152-->[androidx.work:work-runtime:2.10.0] AndroidManifest.xml:71:13-37
153            <intent-filter>
153-->[androidx.work:work-runtime:2.10.0] AndroidManifest.xml:73:13-76:29
154                <action android:name="android.intent.action.ACTION_POWER_CONNECTED" />
154-->[androidx.work:work-runtime:2.10.0] AndroidManifest.xml:74:17-87
154-->[androidx.work:work-runtime:2.10.0] AndroidManifest.xml:74:25-84
155                <action android:name="android.intent.action.ACTION_POWER_DISCONNECTED" />
155-->[androidx.work:work-runtime:2.10.0] AndroidManifest.xml:75:17-90
155-->[androidx.work:work-runtime:2.10.0] AndroidManifest.xml:75:25-87
156            </intent-filter>
157        </receiver>
158        <receiver
158-->[androidx.work:work-runtime:2.10.0] AndroidManifest.xml:78:9-88:20
159            android:name="androidx.work.impl.background.systemalarm.ConstraintProxy$BatteryNotLowProxy"
159-->[androidx.work:work-runtime:2.10.0] AndroidManifest.xml:79:13-104
160            android:directBootAware="false"
160-->[androidx.work:work-runtime:2.10.0] AndroidManifest.xml:80:13-44
161            android:enabled="false"
161-->[androidx.work:work-runtime:2.10.0] AndroidManifest.xml:81:13-36
162            android:exported="false" >
162-->[androidx.work:work-runtime:2.10.0] AndroidManifest.xml:82:13-37
163            <intent-filter>
163-->[androidx.work:work-runtime:2.10.0] AndroidManifest.xml:84:13-87:29
164                <action android:name="android.intent.action.BATTERY_OKAY" />
164-->[androidx.work:work-runtime:2.10.0] AndroidManifest.xml:85:17-77
164-->[androidx.work:work-runtime:2.10.0] AndroidManifest.xml:85:25-74
165                <action android:name="android.intent.action.BATTERY_LOW" />
165-->[androidx.work:work-runtime:2.10.0] AndroidManifest.xml:86:17-76
165-->[androidx.work:work-runtime:2.10.0] AndroidManifest.xml:86:25-73
166            </intent-filter>
167        </receiver>
168        <receiver
168-->[androidx.work:work-runtime:2.10.0] AndroidManifest.xml:89:9-99:20
169            android:name="androidx.work.impl.background.systemalarm.ConstraintProxy$StorageNotLowProxy"
169-->[androidx.work:work-runtime:2.10.0] AndroidManifest.xml:90:13-104
170            android:directBootAware="false"
170-->[androidx.work:work-runtime:2.10.0] AndroidManifest.xml:91:13-44
171            android:enabled="false"
171-->[androidx.work:work-runtime:2.10.0] AndroidManifest.xml:92:13-36
172            android:exported="false" >
172-->[androidx.work:work-runtime:2.10.0] AndroidManifest.xml:93:13-37
173            <intent-filter>
173-->[androidx.work:work-runtime:2.10.0] AndroidManifest.xml:95:13-98:29
174                <action android:name="android.intent.action.DEVICE_STORAGE_LOW" />
174-->[androidx.work:work-runtime:2.10.0] AndroidManifest.xml:96:17-83
174-->[androidx.work:work-runtime:2.10.0] AndroidManifest.xml:96:25-80
175                <action android:name="android.intent.action.DEVICE_STORAGE_OK" />
175-->[androidx.work:work-runtime:2.10.0] AndroidManifest.xml:97:17-82
175-->[androidx.work:work-runtime:2.10.0] AndroidManifest.xml:97:25-79
176            </intent-filter>
177        </receiver>
178        <receiver
178-->[androidx.work:work-runtime:2.10.0] AndroidManifest.xml:100:9-109:20
179            android:name="androidx.work.impl.background.systemalarm.ConstraintProxy$NetworkStateProxy"
179-->[androidx.work:work-runtime:2.10.0] AndroidManifest.xml:101:13-103
180            android:directBootAware="false"
180-->[androidx.work:work-runtime:2.10.0] AndroidManifest.xml:102:13-44
181            android:enabled="false"
181-->[androidx.work:work-runtime:2.10.0] AndroidManifest.xml:103:13-36
182            android:exported="false" >
182-->[androidx.work:work-runtime:2.10.0] AndroidManifest.xml:104:13-37
183            <intent-filter>
183-->[androidx.work:work-runtime:2.10.0] AndroidManifest.xml:106:13-108:29
184                <action android:name="android.net.conn.CONNECTIVITY_CHANGE" />
184-->[androidx.work:work-runtime:2.10.0] AndroidManifest.xml:107:17-79
184-->[androidx.work:work-runtime:2.10.0] AndroidManifest.xml:107:25-76
185            </intent-filter>
186        </receiver>
187        <receiver
187-->[androidx.work:work-runtime:2.10.0] AndroidManifest.xml:110:9-121:20
188            android:name="androidx.work.impl.background.systemalarm.RescheduleReceiver"
188-->[androidx.work:work-runtime:2.10.0] AndroidManifest.xml:111:13-88
189            android:directBootAware="false"
189-->[androidx.work:work-runtime:2.10.0] AndroidManifest.xml:112:13-44
190            android:enabled="false"
190-->[androidx.work:work-runtime:2.10.0] AndroidManifest.xml:113:13-36
191            android:exported="false" >
191-->[androidx.work:work-runtime:2.10.0] AndroidManifest.xml:114:13-37
192            <intent-filter>
192-->[androidx.work:work-runtime:2.10.0] AndroidManifest.xml:116:13-120:29
193                <action android:name="android.intent.action.BOOT_COMPLETED" />
193-->[androidx.work:work-runtime:2.10.0] AndroidManifest.xml:117:17-79
193-->[androidx.work:work-runtime:2.10.0] AndroidManifest.xml:117:25-76
194                <action android:name="android.intent.action.TIME_SET" />
194-->[androidx.work:work-runtime:2.10.0] AndroidManifest.xml:118:17-73
194-->[androidx.work:work-runtime:2.10.0] AndroidManifest.xml:118:25-70
195                <action android:name="android.intent.action.TIMEZONE_CHANGED" />
195-->[androidx.work:work-runtime:2.10.0] AndroidManifest.xml:119:17-81
195-->[androidx.work:work-runtime:2.10.0] AndroidManifest.xml:119:25-78
196            </intent-filter>
197        </receiver>
198        <receiver
198-->[androidx.work:work-runtime:2.10.0] AndroidManifest.xml:122:9-131:20
199            android:name="androidx.work.impl.background.systemalarm.ConstraintProxyUpdateReceiver"
199-->[androidx.work:work-runtime:2.10.0] AndroidManifest.xml:123:13-99
200            android:directBootAware="false"
200-->[androidx.work:work-runtime:2.10.0] AndroidManifest.xml:124:13-44
201            android:enabled="@bool/enable_system_alarm_service_default"
201-->[androidx.work:work-runtime:2.10.0] AndroidManifest.xml:125:13-72
202            android:exported="false" >
202-->[androidx.work:work-runtime:2.10.0] AndroidManifest.xml:126:13-37
203            <intent-filter>
203-->[androidx.work:work-runtime:2.10.0] AndroidManifest.xml:128:13-130:29
204                <action android:name="androidx.work.impl.background.systemalarm.UpdateProxies" />
204-->[androidx.work:work-runtime:2.10.0] AndroidManifest.xml:129:17-98
204-->[androidx.work:work-runtime:2.10.0] AndroidManifest.xml:129:25-95
205            </intent-filter>
206        </receiver>
207        <receiver
207-->[androidx.work:work-runtime:2.10.0] AndroidManifest.xml:132:9-142:20
208            android:name="androidx.work.impl.diagnostics.DiagnosticsReceiver"
208-->[androidx.work:work-runtime:2.10.0] AndroidManifest.xml:133:13-78
209            android:directBootAware="false"
209-->[androidx.work:work-runtime:2.10.0] AndroidManifest.xml:134:13-44
210            android:enabled="true"
210-->[androidx.work:work-runtime:2.10.0] AndroidManifest.xml:135:13-35
211            android:exported="true"
211-->[androidx.work:work-runtime:2.10.0] AndroidManifest.xml:136:13-36
212            android:permission="android.permission.DUMP" >
212-->[androidx.work:work-runtime:2.10.0] AndroidManifest.xml:137:13-57
213            <intent-filter>
213-->[androidx.work:work-runtime:2.10.0] AndroidManifest.xml:139:13-141:29
214                <action android:name="androidx.work.diagnostics.REQUEST_DIAGNOSTICS" />
214-->[androidx.work:work-runtime:2.10.0] AndroidManifest.xml:140:17-88
214-->[androidx.work:work-runtime:2.10.0] AndroidManifest.xml:140:25-85
215            </intent-filter>
216        </receiver>
217
218        <activity
218-->[androidx.compose.ui:ui-test-manifest:1.7.0] AndroidManifest.xml:23:9-25:39
219            android:name="androidx.activity.ComponentActivity"
219-->[androidx.compose.ui:ui-test-manifest:1.7.0] AndroidManifest.xml:24:13-63
220            android:exported="true" />
220-->[androidx.compose.ui:ui-test-manifest:1.7.0] AndroidManifest.xml:25:13-36
221
222        <uses-library
222-->[androidx.privacysandbox.ads:ads-adservices:1.1.0-beta05] AndroidManifest.xml:23:9-25:40
223            android:name="android.ext.adservices"
223-->[androidx.privacysandbox.ads:ads-adservices:1.1.0-beta05] AndroidManifest.xml:24:13-50
224            android:required="false" />
224-->[androidx.privacysandbox.ads:ads-adservices:1.1.0-beta05] AndroidManifest.xml:25:13-37
225
226        <service
226-->[androidx.room:room-runtime:2.6.1] AndroidManifest.xml:24:9-28:63
227            android:name="androidx.room.MultiInstanceInvalidationService"
227-->[androidx.room:room-runtime:2.6.1] AndroidManifest.xml:25:13-74
228            android:directBootAware="true"
228-->[androidx.room:room-runtime:2.6.1] AndroidManifest.xml:26:13-43
229            android:exported="false" />
229-->[androidx.room:room-runtime:2.6.1] AndroidManifest.xml:27:13-37
230
231        <receiver
231-->[androidx.profileinstaller:profileinstaller:1.4.0] AndroidManifest.xml:34:9-52:20
232            android:name="androidx.profileinstaller.ProfileInstallReceiver"
232-->[androidx.profileinstaller:profileinstaller:1.4.0] AndroidManifest.xml:35:13-76
233            android:directBootAware="false"
233-->[androidx.profileinstaller:profileinstaller:1.4.0] AndroidManifest.xml:36:13-44
234            android:enabled="true"
234-->[androidx.profileinstaller:profileinstaller:1.4.0] AndroidManifest.xml:37:13-35
235            android:exported="true"
235-->[androidx.profileinstaller:profileinstaller:1.4.0] AndroidManifest.xml:38:13-36
236            android:permission="android.permission.DUMP" >
236-->[androidx.profileinstaller:profileinstaller:1.4.0] AndroidManifest.xml:39:13-57
237            <intent-filter>
237-->[androidx.profileinstaller:profileinstaller:1.4.0] AndroidManifest.xml:40:13-42:29
238                <action android:name="androidx.profileinstaller.action.INSTALL_PROFILE" />
238-->[androidx.profileinstaller:profileinstaller:1.4.0] AndroidManifest.xml:41:17-91
238-->[androidx.profileinstaller:profileinstaller:1.4.0] AndroidManifest.xml:41:25-88
239            </intent-filter>
240            <intent-filter>
240-->[androidx.profileinstaller:profileinstaller:1.4.0] AndroidManifest.xml:43:13-45:29
241                <action android:name="androidx.profileinstaller.action.SKIP_FILE" />
241-->[androidx.profileinstaller:profileinstaller:1.4.0] AndroidManifest.xml:44:17-85
241-->[androidx.profileinstaller:profileinstaller:1.4.0] AndroidManifest.xml:44:25-82
242            </intent-filter>
243            <intent-filter>
243-->[androidx.profileinstaller:profileinstaller:1.4.0] AndroidManifest.xml:46:13-48:29
244                <action android:name="androidx.profileinstaller.action.SAVE_PROFILE" />
244-->[androidx.profileinstaller:profileinstaller:1.4.0] AndroidManifest.xml:47:17-88
244-->[androidx.profileinstaller:profileinstaller:1.4.0] AndroidManifest.xml:47:25-85
245            </intent-filter>
246            <intent-filter>
246-->[androidx.profileinstaller:profileinstaller:1.4.0] AndroidManifest.xml:49:13-51:29
247                <action android:name="androidx.profileinstaller.action.BENCHMARK_OPERATION" />
247-->[androidx.profileinstaller:profileinstaller:1.4.0] AndroidManifest.xml:50:17-95
247-->[androidx.profileinstaller:profileinstaller:1.4.0] AndroidManifest.xml:50:25-92
248            </intent-filter>
249        </receiver>
250    </application>
251
252</manifest>